<?xml version="1.0" encoding="UTF-8"?>
<testsuite name="BookingTest" tests="1" skipped="0" failures="0" errors="0" timestamp="2023-03-31T23:22:25" hostname="LAPTOP-LOGBFLMF" time="0.04">
  <properties/>
  <testcase name="TestAddBooking" classname="BookingTest" time="0.04"/>
  <system-out><![CDATA[]]></system-out>
  <system-err><![CDATA[]]></system-err>
</testsuite>
